<?xml version="1.0" encoding="UTF-8"?>
<testng-results skipped="0" failed="0" ignored="0" total="1" passed="1">
  <reporter-output>
  </reporter-output>
  <suite name="Default suite" duration-ms="62" started-at="2020-04-03T15:07:23Z" finished-at="2020-04-03T15:07:23Z">
    <groups>
    </groups>
    <test name="Default test" duration-ms="62" started-at="2020-04-03T15:07:23Z" finished-at="2020-04-03T15:07:23Z">
      <class name="githubPractice.TestClass">
        <test-method status="PASS" signature="name()[pri:0, instance:githubPractice.TestClass@39c0f4a]" name="name" duration-ms="18" started-at="2020-04-03T15:07:23Z" finished-at="2020-04-03T15:07:23Z">
          <reporter-output>
          </reporter-output>
        </test-method> <!-- name -->
      </class> <!-- githubPractice.TestClass -->
    </test> <!-- Default test -->
  </suite> <!-- Default suite -->
</testng-results>
